d:\laba_3\laba_3\debug\vc142.pdb
d:\laba_3\laba_3\debug\vc142.idb
d:\laba_3\laba_3\debug\worker.obj
d:\laba_3\laba_3\debug\source.obj
d:\laba_3\laba_3\debug\orderlist.obj
d:\laba_3\laba_3\debug\dispatcher.obj
d:\laba_3\laba_3\debug\customer.obj
d:\laba_3\laba_3\debug\order.obj
d:\laba_3\laba_3\debug\team.obj
d:\laba_3\laba_3\debug\person.obj
d:\laba_3\laba_3\debug\status.obj
d:\laba_3\debug\laba_3.exe
d:\laba_3\debug\laba_3.ilk
d:\laba_3\debug\laba_3.pdb
d:\laba_3\laba_3\debug\laba_3.tlog\cl.command.1.tlog
d:\laba_3\laba_3\debug\laba_3.tlog\cl.read.1.tlog
d:\laba_3\laba_3\debug\laba_3.tlog\cl.write.1.tlog
d:\laba_3\laba_3\debug\laba_3.tlog\link.command.1.tlog
d:\laba_3\laba_3\debug\laba_3.tlog\link.read.1.tlog
d:\laba_3\laba_3\debug\laba_3.tlog\link.write.1.tlog
